  UnitTest1.cpp
     Creating library C:\Users\yande\source\repos\5.2\x64\Debug\UnitTest1.lib and object C:\Users\yande\source\repos\5.2\x64\Debug\UnitTest1.exp
UnitTest1.obj : error LNK2019: unresolved external symbol "void __cdecl S(double,double,int &,double &)" (?S@@YAXNNAEAHAEAN@Z) referenced in function "public: void __cdecl UnitTest1::UnitTest1::TestMethod1(void)" (?TestMethod1@UnitTest1@1@QEAAXXZ)
C:\Users\yande\source\repos\5.2\x64\Debug\UnitTest1.dll : fatal error LNK1120: 1 unresolved externals
